Build started 11/17/2015 2:13:19 PM.
     1>Project "C:\Users\pgladkik\Documents\Home\rus-ai-cup-2015\cpp-cgdk_vs12.vcxproj" on node 2 (Build target(s)).
     1>ClCompile:
         C:\Program Files (x86)\Microsoft Visual Studio 12.0\VC\bin\CL.exe /c /Imodel /ZI /nologo /W4 /WX- /Od /Oy- /D WIN32 /D _DEBUG /D _CONSOLE /D _UNICODE /D UNICODE /Gm /EHsc /RTC1 /MDd /GS /fp:precise /Zc:wchar_t /Zc:forScope /Fo"Debug\\" /Fd"Debug\vc120.pdb" /Gd /TP /analyze- /errorReport:prompt PathAnalyzer.cpp
         PathAnalyzer.cpp
       Link:
         C:\Program Files (x86)\Microsoft Visual Studio 12.0\VC\bin\link.exe /ERRORREPORT:PROMPT /OUT:"C:\Users\pgladkik\Documents\Home\rus-ai-cup-2015\Debug\cpp-cgdk_vs12.exe" /INCREMENTAL /NOLOGO ws2_32.lib kernel32.lib user32.lib gdi32.lib winspool.lib comdlg32.lib advapi32.lib shell32.lib ole32.lib oleaut32.lib uuid.lib odbc32.lib odbccp32.lib /MANIFEST /MANIFESTUAC:"level='asInvoker' uiAccess='false'" /manifest:embed /DEBUG /PDB:"C:\Users\pgladkik\Documents\Home\rus-ai-cup-2015\Debug\cpp-cgdk_vs12.pdb" /SUBSYSTEM:CONSOLE /TLBID:1 /DYNAMICBASE /NXCOMPAT /IMPLIB:"C:\Users\pgladkik\Documents\Home\rus-ai-cup-2015\Debug\cpp-cgdk_vs12.lib" /MACHINE:X86 /SAFESEH:NO Debug\MyStrategy.obj
         Debug\PathAnalyzer.obj
         Debug\PathFinder.obj
         Debug\RemoteProcessClient.obj
         Debug\Runner.obj
         Debug\Strategy.obj
         Debug\ActiveSocket.obj
         Debug\HTTPActiveSocket.obj
         Debug\PassiveSocket.obj
         Debug\SimpleSocket.obj
         Debug\Game.obj
         Debug\Move.obj
         Debug\Player.obj
         Debug\PlayerContext.obj
         Debug\Unit.obj
         Debug\World.obj
         Debug\Bonus.obj
         Debug\Car.obj
         Debug\CircularUnit.obj
         Debug\OilSlick.obj
         Debug\Projectile.obj
         Debug\RectangularUnit.obj
         Debug\Utils.obj
         cpp-cgdk_vs12.vcxproj -> C:\Users\pgladkik\Documents\Home\rus-ai-cup-2015\Debug\cpp-cgdk_vs12.exe
     1>Done Building Project "C:\Users\pgladkik\Documents\Home\rus-ai-cup-2015\cpp-cgdk_vs12.vcxproj" (Build target(s)).

Build succeeded.

Time Elapsed 00:00:00.80
